<?xml version="1.0" encoding="UTF-8"?>
<testng-results ignored="0" total="1" passed="1" failed="0" skipped="0">
  <reporter-output>
  </reporter-output>
  <suite started-at="2023-03-17T11:50:53 IST" name="Default suite" finished-at="2023-03-17T11:51:02 IST" duration-ms="9138">
    <groups>
    </groups>
    <test started-at="2023-03-17T11:50:53 IST" name="Default test" finished-at="2023-03-17T11:51:02 IST" duration-ms="9138">
      <class name="com.facebook.tests.LoginTest">
        <test-method signature="loginTest()[pri:0, instance:com.facebook.tests.LoginTest@29647f75]" started-at="2023-03-17T11:50:53 IST" name="loginTest" finished-at="2023-03-17T11:51:02 IST" duration-ms="8938" status="PASS">
          <reporter-output>
          </reporter-output>
        </test-method> <!-- loginTest -->
        <test-method is-config="true" signature="closeLoginPage()[pri:0, instance:com.facebook.tests.LoginTest@29647f75]" started-at="2023-03-17T11:51:02 IST" name="closeLoginPage" finished-at="2023-03-17T11:51:02 IST" duration-ms="164" status="PASS">
          <reporter-output>
          </reporter-output>
        </test-method> <!-- closeLoginPage -->
      </class> <!-- com.facebook.tests.LoginTest -->
    </test> <!-- Default test -->
  </suite> <!-- Default suite -->
</testng-results>
